<?xml version="1.0" encoding="UTF-8"?>
<testsuite name="com.samples.microservices.micro2.MainControllerTests" tests="1" skipped="0" failures="0" errors="0" timestamp="2015-11-12T16:33:10" hostname="Assafs-MacBook-Pro.local" time="0.002">
  <properties/>
  <testcase name="testMicro1" classname="com.samples.microservices.micro2.MainControllerTests" time="0.002"/>
  <system-out><![CDATA[18:33:09.157 [Test worker] DEBUG o.s.t.c.j.SpringJUnit4ClassRunner - SpringJUnit4ClassRunner constructor called with [class com.samples.microservices.micro2.MainControllerTests].
18:33:09.177 [Test worker] DEBUG o.s.test.context.BootstrapUtils - Instantiating TestContextBootstrapper from class [org.springframework.test.context.support.DefaultTestContextBootstrapper]
18:33:09.188 [Test worker] DEBUG o.s.t.c.s.DefaultTestContextBootstrapper - Found explicit ContextLoader class [org.springframework.boot.test.SpringApplicationContextLoader] for context configuration attributes [ContextConfigurationAttributes@6bb3f18a declaringClass = 'com.samples.microservices.micro2.MainControllerTests', classes = '{class com.samples.microservices.micro2.ApplicationTests}', locations = '{}', inheritLocations = true, initializers = '{}', inheritInitializers = true, name = [null], contextLoaderClass = 'org.springframework.boot.test.SpringApplicationContextLoader']
18:33:09.196 [Test worker] DEBUG o.s.t.c.s.DefaultTestContextBootstrapper - @TestExecutionListeners is not present for class [com.samples.microservices.micro2.MainControllerTests]: using defaults.
18:33:09.204 [Test worker] INFO  o.s.t.c.s.DefaultTestContextBootstrapper - Loaded default TestExecutionListener class names from location [META-INF/spring.factories]: [org.springframework.test.context.web.ServletTestExecutionListener, org.springframework.test.context.support.DependencyInjectionTestExecutionListener, org.springframework.test.context.support.DirtiesContextTestExecutionListener, org.springframework.test.context.transaction.TransactionalTestExecutionListener, org.springframework.test.context.jdbc.SqlScriptsTestExecutionListener]
18:33:09.208 [Test worker] INFO  o.s.t.c.s.DefaultTestContextBootstrapper - Could not instantiate TestExecutionListener [org.springframework.test.context.transaction.TransactionalTestExecutionListener]. Specify custom listener classes or make the default listener classes (and their required dependencies) available. Offending class: [org/springframework/transaction/interceptor/TransactionAttributeSource]
18:33:09.211 [Test worker] INFO  o.s.t.c.s.DefaultTestContextBootstrapper - Could not instantiate TestExecutionListener [org.springframework.test.context.jdbc.SqlScriptsTestExecutionListener]. Specify custom listener classes or make the default listener classes (and their required dependencies) available. Offending class: [org/springframework/transaction/interceptor/TransactionAttribute]
18:33:09.212 [Test worker] INFO  o.s.t.c.s.DefaultTestContextBootstrapper - Using TestExecutionListeners: [org.springframework.test.context.web.ServletTestExecutionListener@5677c86a, org.springframework.test.context.support.DependencyInjectionTestExecutionListener@65968b34, org.springframework.test.context.support.DirtiesContextTestExecutionListener@3336af21]
18:33:09.215 [Test worker] DEBUG o.s.t.annotation.ProfileValueUtils - Retrieved @ProfileValueSourceConfiguration [null] for test class [com.samples.microservices.micro2.MainControllerTests]
18:33:09.215 [Test worker] DEBUG o.s.t.annotation.ProfileValueUtils - Retrieved ProfileValueSource type [class org.springframework.test.annotation.SystemProfileValueSource] for class [com.samples.microservices.micro2.MainControllerTests]
18:33:09.216 [Test worker] DEBUG o.s.t.annotation.ProfileValueUtils - Retrieved @ProfileValueSourceConfiguration [null] for test class [com.samples.microservices.micro2.MainControllerTests]
18:33:09.216 [Test worker] DEBUG o.s.t.annotation.ProfileValueUtils - Retrieved ProfileValueSource type [class org.springframework.test.annotation.SystemProfileValueSource] for class [com.samples.microservices.micro2.MainControllerTests]
18:33:09.217 [Test worker] DEBUG o.s.t.annotation.ProfileValueUtils - Retrieved @ProfileValueSourceConfiguration [null] for test class [com.samples.microservices.micro2.MainControllerTests]
18:33:09.217 [Test worker] DEBUG o.s.t.annotation.ProfileValueUtils - Retrieved ProfileValueSource type [class org.springframework.test.annotation.SystemProfileValueSource] for class [com.samples.microservices.micro2.MainControllerTests]
18:33:09.219 [Test worker] DEBUG o.s.t.annotation.ProfileValueUtils - Retrieved @ProfileValueSourceConfiguration [null] for test class [com.samples.microservices.micro2.MainControllerTests]
18:33:09.219 [Test worker] DEBUG o.s.t.annotation.ProfileValueUtils - Retrieved ProfileValueSource type [class org.springframework.test.annotation.SystemProfileValueSource] for class [com.samples.microservices.micro2.MainControllerTests]
18:33:09.221 [Test worker] DEBUG o.s.t.c.s.DependencyInjectionTestExecutionListener - Performing dependency injection for test context [[DefaultTestContext@157de918 testClass = MainControllerTests, testInstance = com.samples.microservices.micro2.MainControllerTests@61c5d02, testMethod = [null], testException = [null], mergedContextConfiguration = [MergedContextConfiguration@3ace6d7f testClass = MainControllerTests, locations = '{}', classes = '{class com.samples.microservices.micro2.ApplicationTests}', contextInitializerClasses = '[]', activeProfiles = '{test}', propertySourceLocations = '{}', propertySourceProperties = '{}', contextLoader = 'org.springframework.boot.test.SpringApplicationContextLoader', parent = [null]]]].
18:33:09.281 [Test worker] DEBUG o.s.core.env.StandardEnvironment - Adding [systemProperties] PropertySource with lowest search precedence
18:33:09.283 [Test worker] DEBUG o.s.core.env.StandardEnvironment - Adding [systemEnvironment] PropertySource with lowest search precedence
18:33:09.283 [Test worker] DEBUG o.s.core.env.StandardEnvironment - Initialized StandardEnvironment with PropertySources [systemProperties,systemEnvironment]
18:33:09.283 [Test worker] DEBUG o.s.core.env.StandardEnvironment - Adding [test] PropertySource with highest search precedence
18:33:09.284 [Test worker] DEBUG o.s.core.env.StandardEnvironment - Adding [integrationTest] PropertySource with search precedence immediately lower than [systemEnvironment]
2015-11-12 18:33:09.439  INFO 25862 --- [    Test worker] o.s.boot.SpringApplication               : Starting application on Assafs-MacBook-Pro.local with PID 25862 (/Users/assafkamil/.gradle/caches/modules-2/files-2.1/org.springframework.boot/spring-boot/1.2.2.RELEASE/c2495d6c08c742743366f50e25ad76f5dfcd9f75/spring-boot-1.2.2.RELEASE.jar started by assafkamil in /Users/assafkamil/projects/wiseman/qwilt/microservices/micro2)
2015-11-12 18:33:09.461  INFO 25862 --- [    Test worker] s.c.a.AnnotationConfigApplicationContext : Refreshing org.springframework.context.annotation.AnnotationConfigApplicationContext@10d4882: startup date [Thu Nov 12 18:33:09 IST 2015]; root of context hierarchy
2015-11-12 18:33:09.589  INFO 25862 --- [    Test worker] f.a.AutowiredAnnotationBeanPostProcessor : JSR-330 'javax.inject.Inject' annotation found and supported for autowiring
2015-11-12 18:33:09.762  INFO 25862 --- [    Test worker] o.s.boot.SpringApplication               : Started application in 0.449 seconds (JVM running for 1.193)

  .   ____          _            __ _ _
 /\\ / ___'_ __ _ _(_)_ __  __ _ \ \ \ \
( ( )\___ | '_ | '_| | '_ \/ _` | \ \ \ \
 \\/  ___)| |_)| | | | | || (_| |  ) ) ) )
  '  |____| .__|_| |_|_| |_\__, | / / / /
 =========|_|==============|___/=/_/_/_/
 :: Spring Boot ::        (v1.2.2.RELEASE)

2015-11-12 18:33:10.098 ERROR 25862 --- [    Test worker] c.c.c.ConfigServicePropertySourceLocator : Could not locate PropertySource: I/O error on GET request for "http://localhost:8888/micro2/test/master":Connection refused; nested exception is java.net.ConnectException: Connection refused
2015-11-12 18:33:10.103  INFO 25862 --- [    Test worker] s.c.a.AnnotationConfigApplicationContext : Refreshing org.springframework.context.annotation.AnnotationConfigApplicationContext@3962dfc7: startup date [Thu Nov 12 18:33:10 IST 2015]; parent: org.springframework.context.annotation.AnnotationConfigApplicationContext@10d4882
2015-11-12 18:33:10.427  INFO 25862 --- [    Test worker] o.s.cloud.context.scope.GenericScope     : BeanFactory id=4b092e83-4901-3392-ba08-c3987f175f45
2015-11-12 18:33:10.429  INFO 25862 --- [    Test worker] f.a.AutowiredAnnotationBeanPostProcessor : JSR-330 'javax.inject.Inject' annotation found and supported for autowiring
2015-11-12 18:33:10.441  INFO 25862 --- [    Test worker] trationDelegate$BeanPostProcessorChecker : Bean 'org.springframework.cloud.autoconfigure.RefreshAutoConfiguration$ConfigurationPropertiesRebinderConfiguration' of type [class org.springframework.cloud.autoconfigure.RefreshAutoConfiguration$ConfigurationPropertiesRebinderConfiguration$$EnhancerBySpringCGLIB$$c2c5966b] is not eligible for getting processed by all BeanPostProcessors (for example: not eligible for auto-proxying)
2015-11-12 18:33:10.647  WARN 25862 --- [    Test worker] c.n.c.sources.URLConfigurationSource     : No URLs will be polled as dynamic configuration sources.
2015-11-12 18:33:10.647  INFO 25862 --- [    Test worker] c.n.c.sources.URLConfigurationSource     : To enable URLs as dynamic configuration sources, define System property archaius.configurationSource.additionalUrls or make config.properties available on classpath.
2015-11-12 18:33:10.652  WARN 25862 --- [    Test worker] c.n.c.sources.URLConfigurationSource     : No URLs will be polled as dynamic configuration sources.
2015-11-12 18:33:10.652  INFO 25862 --- [    Test worker] c.n.c.sources.URLConfigurationSource     : To enable URLs as dynamic configuration sources, define System property archaius.configurationSource.additionalUrls or make config.properties available on classpath.
2015-11-12 18:33:10.691  INFO 25862 --- [    Test worker] o.s.boot.SpringApplication               : Started application in 1.405 seconds (JVM running for 2.122)
]]></system-out>
  <system-err><![CDATA[]]></system-err>
</testsuite>
