<?xml version="1.0" encoding="UTF-8"?>
<testsuite name="com.samples.microservices.micro1.services.UserServiceTests" tests="2" skipped="0" failures="0" errors="0" timestamp="2015-11-12T16:10:02" hostname="Assafs-MacBook-Pro.local" time="0.002">
  <properties/>
  <testcase name="testGetById" classname="com.samples.microservices.micro1.services.UserServiceTests" time="0.001"/>
  <testcase name="testCreate" classname="com.samples.microservices.micro1.services.UserServiceTests" time="0.001"/>
  <system-out><![CDATA[18:10:01.049 [Test worker] DEBUG o.s.t.c.j.SpringJUnit4ClassRunner - SpringJUnit4ClassRunner constructor called with [class com.samples.microservices.micro1.services.UserServiceTests].
18:10:01.071 [Test worker] DEBUG o.s.test.context.BootstrapUtils - Instantiating TestContextBootstrapper from class [org.springframework.test.context.support.DefaultTestContextBootstrapper]
18:10:01.082 [Test worker] DEBUG o.s.t.c.s.DefaultTestContextBootstrapper - Found explicit ContextLoader class [org.springframework.boot.test.SpringApplicationContextLoader] for context configuration attributes [ContextConfigurationAttributes@5875d06d declaringClass = 'com.samples.microservices.micro1.services.UserServiceTests', classes = '{class com.samples.microservices.micro1.Application}', locations = '{}', inheritLocations = true, initializers = '{}', inheritInitializers = true, name = [null], contextLoaderClass = 'org.springframework.boot.test.SpringApplicationContextLoader']
18:10:01.090 [Test worker] DEBUG o.s.t.c.s.DefaultTestContextBootstrapper - @TestExecutionListeners is not present for class [com.samples.microservices.micro1.services.UserServiceTests]: using defaults.
18:10:01.097 [Test worker] INFO  o.s.t.c.s.DefaultTestContextBootstrapper - Loaded default TestExecutionListener class names from location [META-INF/spring.factories]: [org.springframework.test.context.web.ServletTestExecutionListener, org.springframework.test.context.support.DependencyInjectionTestExecutionListener, org.springframework.test.context.support.DirtiesContextTestExecutionListener, org.springframework.test.context.transaction.TransactionalTestExecutionListener, org.springframework.test.context.jdbc.SqlScriptsTestExecutionListener]
18:10:01.104 [Test worker] INFO  o.s.t.c.s.DefaultTestContextBootstrapper - Could not instantiate TestExecutionListener [org.springframework.test.context.transaction.TransactionalTestExecutionListener]. Specify custom listener classes or make the default listener classes (and their required dependencies) available. Offending class: [org/springframework/transaction/interceptor/TransactionAttributeSource]
18:10:01.105 [Test worker] INFO  o.s.t.c.s.DefaultTestContextBootstrapper - Could not instantiate TestExecutionListener [org.springframework.test.context.jdbc.SqlScriptsTestExecutionListener]. Specify custom listener classes or make the default listener classes (and their required dependencies) available. Offending class: [org/springframework/transaction/interceptor/TransactionAttribute]
18:10:01.106 [Test worker] INFO  o.s.t.c.s.DefaultTestContextBootstrapper - Using TestExecutionListeners: [org.springframework.test.context.web.ServletTestExecutionListener@32b48f88, org.springframework.test.context.support.DependencyInjectionTestExecutionListener@62415429, org.springframework.test.context.support.DirtiesContextTestExecutionListener@240f802e]
18:10:01.109 [Test worker] DEBUG o.s.t.annotation.ProfileValueUtils - Retrieved @ProfileValueSourceConfiguration [null] for test class [com.samples.microservices.micro1.services.UserServiceTests]
18:10:01.109 [Test worker] DEBUG o.s.t.annotation.ProfileValueUtils - Retrieved ProfileValueSource type [class org.springframework.test.annotation.SystemProfileValueSource] for class [com.samples.microservices.micro1.services.UserServiceTests]
18:10:01.110 [Test worker] DEBUG o.s.t.annotation.ProfileValueUtils - Retrieved @ProfileValueSourceConfiguration [null] for test class [com.samples.microservices.micro1.services.UserServiceTests]
18:10:01.110 [Test worker] DEBUG o.s.t.annotation.ProfileValueUtils - Retrieved ProfileValueSource type [class org.springframework.test.annotation.SystemProfileValueSource] for class [com.samples.microservices.micro1.services.UserServiceTests]
18:10:01.111 [Test worker] DEBUG o.s.t.annotation.ProfileValueUtils - Retrieved @ProfileValueSourceConfiguration [null] for test class [com.samples.microservices.micro1.services.UserServiceTests]
18:10:01.111 [Test worker] DEBUG o.s.t.annotation.ProfileValueUtils - Retrieved ProfileValueSource type [class org.springframework.test.annotation.SystemProfileValueSource] for class [com.samples.microservices.micro1.services.UserServiceTests]
18:10:01.113 [Test worker] DEBUG o.s.t.annotation.ProfileValueUtils - Retrieved @ProfileValueSourceConfiguration [null] for test class [com.samples.microservices.micro1.services.UserServiceTests]
18:10:01.113 [Test worker] DEBUG o.s.t.annotation.ProfileValueUtils - Retrieved ProfileValueSource type [class org.springframework.test.annotation.SystemProfileValueSource] for class [com.samples.microservices.micro1.services.UserServiceTests]
18:10:01.114 [Test worker] DEBUG o.s.t.c.s.DependencyInjectionTestExecutionListener - Performing dependency injection for test context [[DefaultTestContext@50109162 testClass = UserServiceTests, testInstance = com.samples.microservices.micro1.services.UserServiceTests@4796cb09, testMethod = [null], testException = [null], mergedContextConfiguration = [MergedContextConfiguration@111b4bb1 testClass = UserServiceTests, locations = '{}', classes = '{class com.samples.microservices.micro1.Application}', contextInitializerClasses = '[]', activeProfiles = '{test}', propertySourceLocations = '{}', propertySourceProperties = '{}', contextLoader = 'org.springframework.boot.test.SpringApplicationContextLoader', parent = [null]]]].
18:10:01.171 [Test worker] DEBUG o.s.core.env.StandardEnvironment - Adding [systemProperties] PropertySource with lowest search precedence
18:10:01.172 [Test worker] DEBUG o.s.core.env.StandardEnvironment - Adding [systemEnvironment] PropertySource with lowest search precedence
18:10:01.172 [Test worker] DEBUG o.s.core.env.StandardEnvironment - Initialized StandardEnvironment with PropertySources [systemProperties,systemEnvironment]
18:10:01.173 [Test worker] DEBUG o.s.core.env.StandardEnvironment - Adding [test] PropertySource with highest search precedence
18:10:01.174 [Test worker] DEBUG o.s.core.env.StandardEnvironment - Adding [integrationTest] PropertySource with search precedence immediately lower than [systemEnvironment]
2015-11-12 18:10:01.329  INFO 25589 --- [    Test worker] o.s.boot.SpringApplication               : Starting application on Assafs-MacBook-Pro.local with PID 25589 (/Users/assafkamil/.gradle/caches/modules-2/files-2.1/org.springframework.boot/spring-boot/1.2.2.RELEASE/c2495d6c08c742743366f50e25ad76f5dfcd9f75/spring-boot-1.2.2.RELEASE.jar started by assafkamil in /Users/assafkamil/projects/wiseman/qwilt/microservices/micro1)
2015-11-12 18:10:01.348  INFO 25589 --- [    Test worker] s.c.a.AnnotationConfigApplicationContext : Refreshing org.springframework.context.annotation.AnnotationConfigApplicationContext@79dd629c: startup date [Thu Nov 12 18:10:01 IST 2015]; root of context hierarchy
2015-11-12 18:10:01.477  INFO 25589 --- [    Test worker] f.a.AutowiredAnnotationBeanPostProcessor : JSR-330 'javax.inject.Inject' annotation found and supported for autowiring
2015-11-12 18:10:01.648  INFO 25589 --- [    Test worker] o.s.boot.SpringApplication               : Started application in 0.447 seconds (JVM running for 1.188)

  .   ____          _            __ _ _
 /\\ / ___'_ __ _ _(_)_ __  __ _ \ \ \ \
( ( )\___ | '_ | '_| | '_ \/ _` | \ \ \ \
 \\/  ___)| |_)| | | | | || (_| |  ) ) ) )
  '  |____| .__|_| |_|_| |_\__, | / / / /
 =========|_|==============|___/=/_/_/_/
 :: Spring Boot ::        (v1.2.2.RELEASE)

2015-11-12 18:10:01.966 ERROR 25589 --- [    Test worker] c.c.c.ConfigServicePropertySourceLocator : Could not locate PropertySource: I/O error on GET request for "http://localhost:8888/micro1/test/master":Connection refused; nested exception is java.net.ConnectException: Connection refused
2015-11-12 18:10:01.971  INFO 25589 --- [    Test worker] s.c.a.AnnotationConfigApplicationContext : Refreshing org.springframework.context.annotation.AnnotationConfigApplicationContext@56d1667f: startup date [Thu Nov 12 18:10:01 IST 2015]; parent: org.springframework.context.annotation.AnnotationConfigApplicationContext@79dd629c
2015-11-12 18:10:02.283  INFO 25589 --- [    Test worker] o.s.cloud.context.scope.GenericScope     : BeanFactory id=678fa171-d53c-38c5-88b9-747cc9d9b968
2015-11-12 18:10:02.285  INFO 25589 --- [    Test worker] f.a.AutowiredAnnotationBeanPostProcessor : JSR-330 'javax.inject.Inject' annotation found and supported for autowiring
2015-11-12 18:10:02.298  INFO 25589 --- [    Test worker] trationDelegate$BeanPostProcessorChecker : Bean 'org.springframework.cloud.autoconfigure.RefreshAutoConfiguration$ConfigurationPropertiesRebinderConfiguration' of type [class org.springframework.cloud.autoconfigure.RefreshAutoConfiguration$ConfigurationPropertiesRebinderConfiguration$$EnhancerBySpringCGLIB$$6ff898c0] is not eligible for getting processed by all BeanPostProcessors (for example: not eligible for auto-proxying)
2015-11-12 18:10:02.510  WARN 25589 --- [    Test worker] c.n.c.sources.URLConfigurationSource     : No URLs will be polled as dynamic configuration sources.
2015-11-12 18:10:02.511  INFO 25589 --- [    Test worker] c.n.c.sources.URLConfigurationSource     : To enable URLs as dynamic configuration sources, define System property archaius.configurationSource.additionalUrls or make config.properties available on classpath.
2015-11-12 18:10:02.519  WARN 25589 --- [    Test worker] c.n.c.sources.URLConfigurationSource     : No URLs will be polled as dynamic configuration sources.
2015-11-12 18:10:02.520  INFO 25589 --- [    Test worker] c.n.c.sources.URLConfigurationSource     : To enable URLs as dynamic configuration sources, define System property archaius.configurationSource.additionalUrls or make config.properties available on classpath.
2015-11-12 18:10:02.562  INFO 25589 --- [    Test worker] o.s.boot.SpringApplication               : Started application in 1.386 seconds (JVM running for 2.102)
]]></system-out>
  <system-err><![CDATA[]]></system-err>
</testsuite>
